[2025-03-12T01:13:57.511026+01:00] app.INFO: Application has started [] []
[2025-03-12T01:13:57.512476+01:00] app.INFO: Requested path:  [] []
[2025-03-12T01:14:00.384189+01:00] app.INFO: Application has started [] []
[2025-03-12T01:14:00.385385+01:00] app.INFO: Requested path: /uploads/Apresentações/ [] []
[2025-03-12T01:14:15.510976+01:00] app.INFO: Application has started [] []
[2025-03-12T01:14:15.513699+01:00] app.INFO: Requested path: /uploads/Apresentações/ [] []
[2025-03-12T01:14:20.777499+01:00] app.INFO: Application has started [] []
[2025-03-12T01:14:20.779921+01:00] app.INFO: Requested path: uploads/Apresentações/ [] []
[2025-03-12T01:14:33.239322+01:00] app.INFO: Application has started [] []
[2025-03-12T01:14:33.240323+01:00] app.INFO: Requested path: uploads/Apresentações/ [] []
[2025-03-12T01:14:35.734418+01:00] app.INFO: Application has started [] []
[2025-03-12T01:14:35.735512+01:00] app.INFO: Requested path: /uploads/Apresentações/ [] []
[2025-03-12T01:14:38.147122+01:00] app.INFO: Application has started [] []
[2025-03-12T01:14:38.148571+01:00] app.INFO: Requested path:  [] []
[2025-03-12T01:14:48.687353+01:00] app.INFO: Application has started [] []
[2025-03-12T01:14:48.688280+01:00] app.INFO: Requested path:  [] []
[2025-03-12T01:15:00.429190+01:00] app.INFO: Application has started [] []
[2025-03-12T01:15:00.430503+01:00] app.INFO: Requested path:  [] []
[2025-03-12T01:15:56.128920+01:00] app.INFO: Application has started [] []
[2025-03-12T01:15:56.131650+01:00] app.INFO: Requested path:  [] []
[2025-03-12T01:15:58.859620+01:00] app.INFO: Application has started [] []
[2025-03-12T01:15:58.861181+01:00] app.INFO: Requested path: /uploads/Apresentações/ [] []
[2025-03-12T01:16:03.109195+01:00] app.INFO: Application has started [] []
[2025-03-12T01:16:03.110487+01:00] app.INFO: Requested path: uploads/Apresentações/ [] []
[2025-03-12T01:17:38.047131+01:00] app.INFO: Application has started [] []
[2025-03-12T01:17:40.345213+01:00] app.INFO: Application has started [] []
[2025-03-12T01:18:01.979021+01:00] app.INFO: Application has started [] []
[2025-03-12T01:18:03.692580+01:00] app.INFO: Application has started [] []
[2025-03-12T01:18:09.468014+01:00] app.INFO: Application has started [] []
[2025-03-12T01:19:19.282140+01:00] app.INFO: Application has started [] []
[2025-03-12T01:19:21.540069+01:00] app.INFO: Application has started [] []
[2025-03-12T01:19:25.399791+01:00] app.INFO: Application has started [] []
[2025-03-12T01:19:27.693734+01:00] app.INFO: Application has started [] []
[2025-03-12T01:19:35.334277+01:00] app.INFO: Application has started [] []
[2025-03-12T01:19:39.501984+01:00] app.INFO: Application has started [] []
[2025-03-12T01:19:40.550522+01:00] app.INFO: Application has started [] []
[2025-03-12T01:19:42.006953+01:00] app.INFO: Application has started [] []
[2025-03-12T01:19:46.635627+01:00] app.INFO: Application has started [] []
[2025-03-12T01:19:48.026123+01:00] app.INFO: Application has started [] []
[2025-03-12T01:19:49.061017+01:00] app.INFO: Application has started [] []
[2025-03-12T01:19:49.835145+01:00] app.INFO: Application has started [] []
[2025-03-12T01:19:54.341766+01:00] app.INFO: Application has started [] []
[2025-03-12T01:19:58.954002+01:00] app.INFO: Application has started [] []
[2025-03-12T01:20:00.372064+01:00] app.INFO: Application has started [] []
[2025-03-12T01:20:28.895931+01:00] app.INFO: Application has started [] []
[2025-03-12T01:20:58.777145+01:00] app.INFO: Application has started [] []
[2025-03-12T01:21:09.554611+01:00] app.INFO: Application has started [] []
[2025-03-12T01:21:11.864183+01:00] app.INFO: Application has started [] []
[2025-03-12T01:21:15.059523+01:00] app.INFO: Application has started [] []
[2025-03-12T01:21:16.435695+01:00] app.INFO: Application has started [] []
[2025-03-12T01:21:17.817390+01:00] app.INFO: Application has started [] []
[2025-03-12T01:21:19.109901+01:00] app.INFO: Application has started [] []
[2025-03-12T01:21:55.772373+01:00] app.INFO: Application has started [] []
[2025-03-12T01:21:57.467974+01:00] app.INFO: Application has started [] []
[2025-03-12T01:22:06.997705+01:00] app.INFO: Application has started [] []
[2025-03-12T01:22:09.774156+01:00] app.INFO: Application has started [] []
[2025-03-12T01:22:34.017420+01:00] app.INFO: Application has started [] []
[2025-03-12T01:24:03.661878+01:00] app.INFO: Application has started [] []
[2025-03-12T01:24:04.671188+01:00] app.INFO: Application has started [] []
[2025-03-12T01:24:04.880219+01:00] app.INFO: Application has started [] []
[2025-03-12T01:24:08.654472+01:00] app.INFO: Application has started [] []
[2025-03-12T01:24:11.062972+01:00] app.INFO: Application has started [] []
[2025-03-12T01:24:34.173141+01:00] app.INFO: Application has started [] []
[2025-03-12T01:24:38.851063+01:00] app.INFO: Application has started [] []
[2025-03-12T01:24:39.340054+01:00] app.INFO: Application has started [] []
[2025-03-12T01:24:39.574295+01:00] app.INFO: Application has started [] []
[2025-03-12T01:24:53.793094+01:00] app.INFO: Application has started [] []
[2025-03-12T01:24:55.420699+01:00] app.INFO: Application has started [] []
[2025-03-12T01:25:17.682734+01:00] app.INFO: Application has started [] []
[2025-03-12T01:25:30.578394+01:00] app.INFO: Application has started [] []
[2025-03-12T01:25:35.042689+01:00] app.INFO: Application has started [] []
[2025-03-12T01:25:36.774598+01:00] app.INFO: Application has started [] []
[2025-03-12T01:25:46.104383+01:00] app.INFO: Application has started [] []
[2025-03-12T01:25:49.048601+01:00] app.INFO: Application has started [] []
[2025-03-12T01:25:53.339380+01:00] app.INFO: Application has started [] []
[2025-03-12T01:25:53.913686+01:00] app.INFO: Application has started [] []
[2025-03-12T01:25:56.544965+01:00] app.INFO: Application has started [] []
[2025-03-12T01:25:59.968505+01:00] app.INFO: Application has started [] []
[2025-03-12T01:26:03.134858+01:00] app.INFO: Application has started [] []
[2025-03-12T01:26:04.148587+01:00] app.INFO: Application has started [] []
[2025-03-12T01:26:04.557149+01:00] app.INFO: Application has started [] []
[2025-03-12T01:26:07.772272+01:00] app.INFO: Application has started [] []
[2025-03-12T01:26:08.203136+01:00] app.INFO: Application has started [] []
[2025-03-12T01:26:08.399727+01:00] app.INFO: Application has started [] []
[2025-03-12T01:26:08.578328+01:00] app.INFO: Application has started [] []
[2025-03-12T01:26:12.125943+01:00] app.INFO: Application has started [] []
[2025-03-12T01:26:33.177725+01:00] app.INFO: Application has started [] []
[2025-03-12T01:26:33.721235+01:00] app.INFO: Application has started [] []
[2025-03-12T01:26:45.080290+01:00] app.INFO: Application has started [] []
[2025-03-12T01:26:47.116356+01:00] app.INFO: Application has started [] []
[2025-03-12T01:26:48.536061+01:00] app.INFO: Application has started [] []
[2025-03-12T01:26:49.608406+01:00] app.INFO: Application has started [] []
[2025-03-12T01:26:55.378935+01:00] app.INFO: Application has started [] []
[2025-03-12T01:27:07.062761+01:00] app.INFO: Application has started [] []
[2025-03-12T01:27:08.890836+01:00] app.INFO: Application has started [] []
[2025-03-12T01:29:39.778754+01:00] app.INFO: Application has started [] []
[2025-03-12T20:30:50.186168+01:00] app.INFO: Application has started [] []
[2025-03-12T20:30:50.229004+01:00] app.INFO: Application has started [] []
[2025-03-12T20:30:54.327282+01:00] app.INFO: Application has started [] []
[2025-03-12T20:30:54.400917+01:00] app.INFO: User 'Test Name<admin@admin.com>' logged in [] []
[2025-03-12T20:30:54.414241+01:00] app.INFO: Application has started [] []
[2025-03-12T20:31:01.177223+01:00] app.INFO: Application has started [] []
[2025-03-12T20:31:48.127850+01:00] app.INFO: Application has started [] []
[2025-03-12T20:31:55.021713+01:00] app.INFO: Application has started [] []
[2025-03-12T20:31:56.146331+01:00] app.INFO: Application has started [] []
[2025-03-12T20:31:58.071810+01:00] app.INFO: Application has started [] []
[2025-03-12T20:37:38.895392+01:00] app.INFO: Application has started [] []
[2025-03-12T20:37:39.432172+01:00] app.INFO: Application has started [] []
[2025-03-12T20:37:39.618456+01:00] app.INFO: Application has started [] []
[2025-03-12T20:37:54.194027+01:00] app.INFO: Application has started [] []
[2025-03-12T20:37:55.223273+01:00] app.INFO: Application has started [] []
[2025-03-12T20:37:56.216929+01:00] app.INFO: Application has started [] []
[2025-03-12T20:37:58.420949+01:00] app.INFO: Application has started [] []
[2025-03-12T20:37:59.310443+01:00] app.INFO: Application has started [] []
[2025-03-12T20:38:23.459087+01:00] app.INFO: Application has started [] []
[2025-03-12T20:38:25.529688+01:00] app.INFO: Application has started [] []
[2025-03-12T20:38:26.956709+01:00] app.INFO: Application has started [] []
[2025-03-12T20:38:30.417704+01:00] app.INFO: Application has started [] []
[2025-03-12T20:38:42.009599+01:00] app.INFO: Application has started [] []
[2025-03-12T20:39:07.591553+01:00] app.INFO: Application has started [] []
[2025-03-12T20:39:09.271718+01:00] app.INFO: Application has started [] []
[2025-03-12T20:39:10.542742+01:00] app.INFO: Application has started [] []
[2025-03-12T20:39:13.004042+01:00] app.INFO: Application has started [] []
[2025-03-12T20:39:13.654848+01:00] app.INFO: Application has started [] []
[2025-03-12T20:39:13.919044+01:00] app.INFO: Application has started [] []
[2025-03-12T20:39:52.460827+01:00] app.INFO: Application has started [] []
[2025-03-12T20:39:54.001853+01:00] app.INFO: Application has started [] []
[2025-03-12T20:40:00.231506+01:00] app.INFO: Application has started [] []
[2025-03-12T20:40:09.156551+01:00] app.INFO: Application has started [] []
[2025-03-12T20:40:21.267803+01:00] app.INFO: Application has started [] []
[2025-03-12T20:40:21.810839+01:00] app.INFO: Application has started [] []
[2025-03-12T20:40:37.069446+01:00] app.INFO: Application has started [] []
[2025-03-12T20:41:13.391300+01:00] app.INFO: Application has started [] []
[2025-03-12T20:41:39.256032+01:00] app.INFO: Application has started [] []
[2025-03-12T20:42:06.217593+01:00] app.INFO: Application has started [] []
[2025-03-12T20:43:03.475032+01:00] app.INFO: Application has started [] []
[2025-03-12T20:43:24.202703+01:00] app.INFO: Application has started [] []
[2025-03-12T20:54:38.728742+01:00] app.INFO: Application has started [] []
[2025-03-12T20:57:12.905292+01:00] app.INFO: Application has started [] []
[2025-03-12T20:57:15.757299+01:00] app.INFO: Application has started [] []
[2025-03-12T20:57:25.860948+01:00] app.INFO: Application has started [] []
[2025-03-12T20:57:26.532100+01:00] app.INFO: Application has started [] []
[2025-03-12T20:57:27.513883+01:00] app.INFO: Application has started [] []
[2025-03-12T20:57:29.605360+01:00] app.INFO: Application has started [] []
[2025-03-12T20:57:29.831524+01:00] app.INFO: Application has started [] []
[2025-03-12T20:57:30.100875+01:00] app.INFO: Application has started [] []
[2025-03-12T20:57:49.158362+01:00] app.INFO: Application has started [] []
[2025-03-12T20:58:21.254631+01:00] app.INFO: Application has started [] []
[2025-03-12T20:58:48.647322+01:00] app.INFO: Application has started [] []
[2025-03-12T20:58:55.543931+01:00] app.INFO: Application has started [] []
[2025-03-13T23:38:16.700016+01:00] app.INFO: Application has started [] []
[2025-03-13T23:38:34.014190+01:00] app.INFO: Application has started [] []
[2025-03-13T23:38:51.233766+01:00] app.INFO: Application has started [] []
[2025-03-13T23:39:05.927923+01:00] app.INFO: Application has started [] []
[2025-03-13T23:40:15.416726+01:00] app.INFO: Application has started [] []
[2025-03-13T23:41:33.589960+01:00] app.INFO: Application has started [] []
[2025-03-13T23:41:35.625276+01:00] app.INFO: Application has started [] []
[2025-03-13T23:42:39.962146+01:00] app.INFO: Application has started [] []
[2025-03-13T23:42:49.762656+01:00] app.INFO: Application has started [] []
[2025-03-13T23:43:14.702384+01:00] app.INFO: Application has started [] []
[2025-03-13T23:43:15.490827+01:00] app.INFO: Application has started [] []
[2025-03-13T23:43:15.667944+01:00] app.INFO: Application has started [] []
[2025-03-13T23:43:22.581547+01:00] app.INFO: Application has started [] []
[2025-03-13T23:43:22.761808+01:00] app.INFO: Application has started [] []
[2025-03-13T23:44:59.787656+01:00] app.INFO: Application has started [] []
[2025-03-13T23:45:00.276029+01:00] app.INFO: Application has started [] []
[2025-03-13T23:45:00.477806+01:00] app.INFO: Application has started [] []
[2025-03-13T23:45:28.021148+01:00] app.INFO: Application has started [] []
[2025-03-13T23:45:28.378653+01:00] app.INFO: Application has started [] []
[2025-03-13T23:45:28.602698+01:00] app.INFO: Application has started [] []
[2025-03-13T23:45:32.340053+01:00] app.INFO: Application has started [] []
[2025-03-13T23:45:32.653100+01:00] app.INFO: Application has started [] []
[2025-03-13T23:45:32.878332+01:00] app.INFO: Application has started [] []
[2025-03-13T23:45:33.103926+01:00] app.INFO: Application has started [] []
[2025-03-13T23:45:46.288038+01:00] app.INFO: Application has started [] []
[2025-03-13T23:45:46.804894+01:00] app.INFO: Application has started [] []
[2025-03-13T23:45:46.987602+01:00] app.INFO: Application has started [] []
[2025-03-13T23:45:59.119979+01:00] app.INFO: Application has started [] []
[2025-03-13T23:46:32.616423+01:00] app.INFO: Application has started [] []
[2025-03-13T23:46:33.311946+01:00] app.INFO: Application has started [] []
[2025-03-13T23:46:52.209614+01:00] app.INFO: Application has started [] []
[2025-03-13T23:47:02.900622+01:00] app.INFO: Application has started [] []
[2025-03-13T23:47:03.195409+01:00] app.INFO: Application has started [] []
[2025-03-13T23:47:03.372779+01:00] app.INFO: Application has started [] []
[2025-03-13T23:47:03.640883+01:00] app.INFO: Application has started [] []
[2025-03-13T23:47:04.289952+01:00] app.INFO: Application has started [] []
[2025-03-13T23:47:04.837035+01:00] app.INFO: Application has started [] []
[2025-03-13T23:47:20.541071+01:00] app.INFO: Application has started [] []
[2025-03-13T23:47:36.498726+01:00] app.INFO: Application has started [] []
[2025-03-13T23:50:07.622261+01:00] app.INFO: Application has started [] []
[2025-03-13T23:51:08.218778+01:00] app.INFO: Application has started [] []
[2025-03-13T23:51:08.236337+01:00] app.INFO: Application has started [] []
[2025-03-13T23:51:14.984933+01:00] app.INFO: Application has started [] []
[2025-03-13T23:51:15.064400+01:00] app.INFO: User 'Test Name<admin@admin.com>' logged in [] []
[2025-03-13T23:51:15.091780+01:00] app.INFO: Application has started [] []
[2025-03-13T23:51:21.504592+01:00] app.INFO: Application has started [] []
[2025-03-13T23:51:22.186835+01:00] app.INFO: Application has started [] []
[2025-03-13T23:54:19.279293+01:00] app.INFO: Application has started [] []
[2025-03-13T23:54:20.691371+01:00] app.INFO: Application has started [] []
[2025-03-13T23:54:21.371317+01:00] app.INFO: Application has started [] []
[2025-03-13T23:54:29.330204+01:00] app.INFO: Application has started [] []
[2025-03-13T23:54:30.439135+01:00] app.INFO: Application has started [] []
[2025-03-13T23:56:02.097257+01:00] app.INFO: Application has started [] []
[2025-03-13T23:56:02.641811+01:00] app.INFO: Application has started [] []
[2025-03-13T23:57:37.254960+01:00] app.INFO: Application has started [] []
[2025-03-13T23:57:41.231760+01:00] app.INFO: Application has started [] []
[2025-03-13T23:57:43.150380+01:00] app.INFO: Application has started [] []
[2025-03-13T23:57:54.663877+01:00] app.INFO: Application has started [] []
[2025-03-13T23:57:54.931567+01:00] app.INFO: Application has started [] []
[2025-03-13T23:57:55.548068+01:00] app.INFO: Application has started [] []
[2025-03-13T23:57:56.587730+01:00] app.INFO: Application has started [] []
[2025-03-13T23:57:57.728175+01:00] app.INFO: Application has started [] []
[2025-03-13T23:57:58.663141+01:00] app.INFO: Application has started [] []
[2025-03-13T23:58:05.728365+01:00] app.INFO: Application has started [] []
[2025-03-13T23:58:06.701770+01:00] app.INFO: Application has started [] []
[2025-03-13T23:59:03.964146+01:00] app.INFO: Application has started [] []
[2025-03-13T23:59:06.030444+01:00] app.INFO: Application has started [] []
[2025-03-13T23:59:07.233995+01:00] app.INFO: Application has started [] []
[2025-03-13T23:59:09.283390+01:00] app.INFO: Application has started [] []
[2025-03-13T23:59:09.725159+01:00] app.INFO: Application has started [] []
[2025-03-14T00:02:10.725639+01:00] app.INFO: Application has started [] []
[2025-03-14T00:02:21.878979+01:00] app.INFO: Application has started [] []
[2025-03-14T00:02:22.076835+01:00] app.INFO: Application has started [] []
[2025-03-14T00:02:43.385724+01:00] app.INFO: Application has started [] []
[2025-03-14T00:02:44.239303+01:00] app.INFO: Application has started [] []
[2025-03-14T00:02:44.771780+01:00] app.INFO: Application has started [] []
[2025-03-14T00:02:44.979961+01:00] app.INFO: Application has started [] []
[2025-03-14T00:02:58.481572+01:00] app.INFO: Application has started [] []
[2025-03-14T00:02:58.752207+01:00] app.INFO: Application has started [] []
[2025-03-14T00:02:59.472989+01:00] app.INFO: Application has started [] []
[2025-03-14T00:02:59.674744+01:00] app.INFO: Application has started [] []
[2025-03-14T00:03:03.312786+01:00] app.INFO: Application has started [] []
[2025-03-14T00:03:04.084328+01:00] app.INFO: Application has started [] []
[2025-03-14T00:03:09.845163+01:00] app.INFO: Application has started [] []
[2025-03-14T00:03:10.917695+01:00] app.INFO: Application has started [] []
[2025-03-14T00:03:11.634563+01:00] app.INFO: Application has started [] []
[2025-03-14T00:03:12.368829+01:00] app.INFO: Application has started [] []
[2025-03-14T00:05:07.369503+01:00] app.INFO: Application has started [] []
[2025-03-14T00:05:09.256219+01:00] app.INFO: Application has started [] []
[2025-03-14T00:05:10.395639+01:00] app.INFO: Application has started [] []
[2025-03-14T00:05:13.518953+01:00] app.INFO: Application has started [] []
[2025-03-14T00:05:42.079595+01:00] app.INFO: Application has started [] []
[2025-03-14T00:05:43.611311+01:00] app.INFO: Application has started [] []
[2025-03-14T00:05:58.606485+01:00] app.INFO: Application has started [] []
[2025-03-14T00:06:13.243193+01:00] app.INFO: Application has started [] []
[2025-03-14T00:06:14.010546+01:00] app.INFO: Application has started [] []
[2025-03-14T00:07:17.716825+01:00] app.INFO: Application has started [] []
[2025-03-14T00:07:55.778763+01:00] app.INFO: Application has started [] []
[2025-03-14T00:08:04.915438+01:00] app.INFO: Application has started [] []
[2025-03-14T00:08:25.953520+01:00] app.INFO: Application has started [] []
[2025-03-14T00:10:45.659176+01:00] app.INFO: Application has started [] []
[2025-03-14T00:11:25.505776+01:00] app.INFO: Application has started [] []
[2025-03-14T00:11:26.538016+01:00] app.INFO: Application has started [] []
[2025-03-14T00:11:34.582226+01:00] app.INFO: Application has started [] []
[2025-03-14T00:11:36.499598+01:00] app.INFO: Application has started [] []
[2025-03-14T00:11:39.597444+01:00] app.INFO: Application has started [] []
[2025-03-14T00:11:40.287076+01:00] app.INFO: Application has started [] []
[2025-03-14T00:11:41.599333+01:00] app.INFO: Application has started [] []
[2025-03-14T00:11:43.263415+01:00] app.INFO: Application has started [] []
[2025-03-14T19:45:03.446729+01:00] app.INFO: Application has started [] []
[2025-03-14T19:45:06.571299+01:00] app.INFO: Application has started [] []
[2025-03-14T19:45:08.674938+01:00] app.INFO: Application has started [] []
[2025-04-13T01:07:45.839688+02:00] app.INFO: Application has started [] []
[2025-04-13T01:14:43.020237+02:00] app.INFO: Application has started [] []
[2025-04-13T01:14:56.372987+02:00] app.INFO: Application has started [] []
[2025-04-13T01:17:52.730553+02:00] app.INFO: Application has started [] []
[2025-04-13T01:18:00.266114+02:00] app.INFO: Application has started [] []
[2025-04-13T01:18:00.284763+02:00] app.INFO: Application has started [] []
[2025-04-13T01:19:18.268582+02:00] app.INFO: Application has started [] []
[2025-04-13T01:19:19.756684+02:00] app.INFO: Application has started [] []
[2025-04-13T01:19:27.972253+02:00] app.INFO: Application has started [] []
[2025-04-13T01:23:53.185573+02:00] app.INFO: Application has started [] []
[2025-04-13T01:23:57.341954+02:00] app.INFO: Application has started [] []
[2025-04-13T01:23:57.453981+02:00] app.INFO: Application has started [] []
[2025-04-13T01:24:02.094382+02:00] app.INFO: Application has started [] []
[2025-04-13T01:24:02.175201+02:00] app.INFO: User 'Test Name<admin@admin.com>' logged in [] []
[2025-04-13T01:24:02.206032+02:00] app.INFO: Application has started [] []
[2025-04-13T01:24:43.741147+02:00] app.INFO: Application has started [] []
[2025-04-13T01:24:45.105728+02:00] app.INFO: Application has started [] []
[2025-04-13T01:25:54.150498+02:00] app.INFO: Application has started [] []
[2025-04-13T01:26:24.225977+02:00] app.INFO: Application has started [] []
[2025-04-13T01:26:29.760390+02:00] app.INFO: Application has started [] []
[2025-04-13T01:26:32.229122+02:00] app.INFO: Application has started [] []
[2025-04-13T01:26:40.623848+02:00] app.INFO: Application has started [] []
[2025-04-13T01:26:42.323415+02:00] app.INFO: Application has started [] []
[2025-04-13T01:26:44.310238+02:00] app.INFO: Application has started [] []
[2025-04-13T01:26:45.880562+02:00] app.INFO: Application has started [] []
[2025-04-13T01:27:02.949043+02:00] app.INFO: Application has started [] []
[2025-04-13T01:27:04.036154+02:00] app.INFO: Application has started [] []
[2025-04-13T01:27:05.154915+02:00] app.INFO: Application has started [] []
